<?xml version="1.0" encoding="UTF-8"?>
<!-- Generated by org.testng.reporters.JUnitXMLReporter -->
<testsuite ignored="0" hostname="LAPTOP-KCK80MQ9" failures="0" tests="5" name="Test" time="57.511" errors="0" timestamp="2024-01-08T22:20:04 EST">
  <testcase classname="com.qa.TNTestCases.RegisterTest" name="verifyRegisterWithAllFields" time="2.026"/>
  <testcase classname="com.qa.TNTestCases.LoginTest" name="verifyLoginWithValidCredentials" time="1.39"/>
  <testcase classname="com.qa.TNTestCases.SearchProductTest" name="SearchWithValidProduct" time="1.29"/>
  <testcase classname="com.qa.TNTestCases.AddToCartTest" name="addingProductsToCart" time="2.857"/>
  <testcase classname="com.qa.TNTestCases.CheckOutTest" name="checkoutProduct" time="12.24"/>
</testsuite> <!-- Test -->
