<?xml version="1.0" encoding="UTF-8"?>
<testsuite xmlns:xsi="http://www.w3.org/2001/XMLSchema-instance" xsi:noNamespaceSchemaLocation="https://maven.apache.org/surefire/maven-surefire-plugin/xsd/surefire-test-report.xsd" name="TestSuite" time="67.772" tests="5" errors="0" skipped="0" failures="1">
  <properties>
[...]
</properties>
  <testcase name="addingProductsToCart" classname="com.qa.TNTestCases.AddToCartTest" time="2.496"/>
  <testcase name="checkoutProduct" classname="com.qa.TNTestCases.CheckOutTest" time="7.629">
    <failure message="element click intercepted: Element &lt;input type=&quot;button&quot; value=&quot;Continue&quot; id=&quot;button-shipping-address&quot; data-loading-text=&quot;Loading...&quot; class=&quot;btn btn-primary&quot;&gt; is not clickable at point (1275, 267). Other element would receive the click: &lt;h4 class=&quot;panel-title&quot;&gt;...&lt;/h4&gt;&#10;  (Session info: chrome=120.0.6099.131)&#10;Build info: version: &apos;4.15.0&apos;, revision: &apos;1d14b5521b&apos;&#10;System info: os.name: &apos;Windows 11&apos;, os.arch: &apos;amd64&apos;, os.version: &apos;10.0&apos;, java.version: &apos;17.0.8&apos;&#10;Driver info: org.openqa.selenium.chrome.ChromeDriver&#10;Command: [11e269a9a6388fa614a5d471e5baf85a, clickElement {id=F104C9BFAA2C79F9206AB290BA8D33BF_element_5160}]&#10;Capabilities {acceptInsecureCerts: false, browserName: chrome, browserVersion: 120.0.6099.131, chrome: {chromedriverVersion: 120.0.6099.109 (3419140ab66..., userDataDir: C:\Users\rshiw\AppData\Loca...}, fedcm:accounts: true, goog:chromeOptions: {debuggerAddress: localhost:49727}, networkConnectionEnabled: false, pageLoadStrategy: normal, platformName: windows, proxy: Proxy(), se:cdp: ws://localhost:49727/devtoo..., se:cdpVersion: 120.0.6099.131, setWindowRect: true, strictFileInteractability: false, timeouts: {implicit: 0, pageLoad: 300000, script: 30000}, unhandledPromptBehavior: dismiss and notify, webauthn:extension:credBlob: true, webauthn:extension:largeBlob: true, webauthn:extension:minPinLength: true, webauthn:extension:prf: true, webauthn:virtualAuthenticators: true}&#10;Element: [[ChromeDriver: chrome on windows (11e269a9a6388fa614a5d471e5baf85a)] -&gt; id: button-shipping-address]&#10;Session ID: 11e269a9a6388fa614a5d471e5baf85a" type="org.openqa.selenium.ElementClickInterceptedException"><![CDATA[org.openqa.selenium.ElementClickInterceptedException: 
element click intercepted: Element <input type="button" value="Continue" id="button-shipping-address" data-loading-text="Loading..." class="btn btn-primary"> is not clickable at point (1275, 267). Other element would receive the click: <h4 class="panel-title">...</h4>
  (Session info: chrome=120.0.6099.131)
Build info: version: '4.15.0', revision: '1d14b5521b'
System info: os.name: 'Windows 11', os.arch: 'amd64', os.version: '10.0', java.version: '17.0.8'
Driver info: org.openqa.selenium.chrome.ChromeDriver
Command: [11e269a9a6388fa614a5d471e5baf85a, clickElement {id=F104C9BFAA2C79F9206AB290BA8D33BF_element_5160}]
Capabilities {acceptInsecureCerts: false, browserName: chrome, browserVersion: 120.0.6099.131, chrome: {chromedriverVersion: 120.0.6099.109 (3419140ab66..., userDataDir: C:\Users\rshiw\AppData\Loca...}, fedcm:accounts: true, goog:chromeOptions: {debuggerAddress: localhost:49727}, networkConnectionEnabled: false, pageLoadStrategy: normal, platformName: windows, proxy: Proxy(), se:cdp: ws://localhost:49727/devtoo..., se:cdpVersion: 120.0.6099.131, setWindowRect: true, strictFileInteractability: false, timeouts: {implicit: 0, pageLoad: 300000, script: 30000}, unhandledPromptBehavior: dismiss and notify, webauthn:extension:credBlob: true, webauthn:extension:largeBlob: true, webauthn:extension:minPinLength: true, webauthn:extension:prf: true, webauthn:virtualAuthenticators: true}
Element: [[ChromeDriver: chrome on windows (11e269a9a6388fa614a5d471e5baf85a)] -> id: button-shipping-address]
Session ID: 11e269a9a6388fa614a5d471e5baf85a
	at com.qa.TNTestCases.CheckOutTest.checkoutProduct(CheckOutTest.java:67)
]]></failure>
    <system-err><![CDATA[Jan 08, 2024 8:47:40 PM org.openqa.selenium.devtools.CdpVersionFinder findNearestMatch
WARNING: Unable to find an exact match for CDP version 120, returning the closest version; found: 119; Please update to a Selenium version that supports CDP version 120
]]></system-err>
  </testcase>
  <testcase name="verifyLoginWithValidCredentials" classname="com.qa.TNTestCases.LoginTest" time="2.721"/>
  <testcase name="verifyRegisterWithAllFields" classname="com.qa.TNTestCases.RegisterTest" time="5.748"/>
  <testcase name="SearchWithValidProduct" classname="com.qa.TNTestCases.SearchProductTest" time="3.635"/>
</testsuite>